0 info it worked if it ends with ok
1 verbose cli [ 'C:\\Program Files\\nodejs\\node.exe',
1 verbose cli   'C:\\Program Files\\nodejs\\node_modules\\npm\\bin\\npm-cli.js',
1 verbose cli   'install',
1 verbose cli   'pm2',
1 verbose cli   '-g' ]
2 info using npm@3.10.3
3 info using node@v6.6.0
4 silly loadCurrentTree Starting
5 silly install loadCurrentTree
6 silly install readGlobalPackageData
7 silly fetchPackageMetaData pm2
8 silly fetchNamedPackageData pm2
9 silly mapToRegistry name pm2
10 silly mapToRegistry using default registry
11 silly mapToRegistry registry https://registry.npmjs.org/
12 silly mapToRegistry data Result {
12 silly mapToRegistry   raw: 'pm2',
12 silly mapToRegistry   scope: null,
12 silly mapToRegistry   escapedName: 'pm2',
12 silly mapToRegistry   name: 'pm2',
12 silly mapToRegistry   rawSpec: '',
12 silly mapToRegistry   spec: 'latest',
12 silly mapToRegistry   type: 'tag' }
13 silly mapToRegistry uri https://registry.npmjs.org/pm2
14 verbose request uri https://registry.npmjs.org/pm2
15 verbose request no auth needed
16 info attempt registry request try #1 at 3:08:56 PM
17 verbose request id 1cece829a47dee71
18 http request GET https://registry.npmjs.org/pm2
19 http 200 https://registry.npmjs.org/pm2
20 verbose headers { server: 'CouchDB/1.5.0 (Erlang OTP/R16B03)',
20 verbose headers   etag: '"C99UFDJMDRVINF1JNGB7HKQ4P"',
20 verbose headers   'content-type': 'application/json',
20 verbose headers   'content-encoding': 'gzip',
20 verbose headers   'cache-control': 'max-age=300',
20 verbose headers   'content-length': '40804',
20 verbose headers   'accept-ranges': 'bytes',
20 verbose headers   date: 'Thu, 22 Sep 2016 07:08:59 GMT',
20 verbose headers   via: '1.1 varnish',
20 verbose headers   age: '137',
20 verbose headers   connection: 'keep-alive',
20 verbose headers   'x-served-by': 'cache-sjc3651-SJC',
20 verbose headers   'x-cache': 'HIT',
20 verbose headers   'x-cache-hits': '1',
20 verbose headers   'x-timer': 'S1474528139.528383,VS0,VE0',
20 verbose headers   vary: 'Accept-Encoding' }
21 silly get cb [ 200,
21 silly get   { server: 'CouchDB/1.5.0 (Erlang OTP/R16B03)',
21 silly get     etag: '"C99UFDJMDRVINF1JNGB7HKQ4P"',
21 silly get     'content-type': 'application/json',
21 silly get     'content-encoding': 'gzip',
21 silly get     'cache-control': 'max-age=300',
21 silly get     'content-length': '40804',
21 silly get     'accept-ranges': 'bytes',
21 silly get     date: 'Thu, 22 Sep 2016 07:08:59 GMT',
21 silly get     via: '1.1 varnish',
21 silly get     age: '137',
21 silly get     connection: 'keep-alive',
21 silly get     'x-served-by': 'cache-sjc3651-SJC',
21 silly get     'x-cache': 'HIT',
21 silly get     'x-cache-hits': '1',
21 silly get     'x-timer': 'S1474528139.528383,VS0,VE0',
21 silly get     vary: 'Accept-Encoding' } ]
22 verbose get saving pm2 to C:\Users\JEN\AppData\Roaming\npm-cache\registry.npmjs.org\pm2\.cache.json
23 verbose correctMkdir C:\Users\JEN\AppData\Roaming\npm-cache correctMkdir not in flight; initializing
24 silly install normalizeTree
25 silly loadCurrentTree Finishing
26 silly loadIdealTree Starting
27 silly install loadIdealTree
28 silly cloneCurrentTree Starting
29 silly install cloneCurrentTreeToIdealTree
30 silly cloneCurrentTree Finishing
31 silly loadShrinkwrap Starting
32 silly install loadShrinkwrap
33 silly loadShrinkwrap Finishing
34 silly loadAllDepsIntoIdealTree Starting
35 silly install loadAllDepsIntoIdealTree
36 silly resolveWithNewModule pm2@2.0.15 checking installable status
37 silly cache add args [ 'pm2', null ]
38 verbose cache add spec pm2
39 silly cache add parsed spec Result {
39 silly cache add   raw: 'pm2',
39 silly cache add   scope: null,
39 silly cache add   escapedName: 'pm2',
39 silly cache add   name: 'pm2',
39 silly cache add   rawSpec: '',
39 silly cache add   spec: 'latest',
39 silly cache add   type: 'tag' }
40 silly addNamed pm2@latest
41 verbose addNamed "latest" is being treated as a dist-tag for pm2
42 info addNameTag [ 'pm2', 'latest' ]
43 silly mapToRegistry name pm2
44 silly mapToRegistry using default registry
45 silly mapToRegistry registry https://registry.npmjs.org/
46 silly mapToRegistry data Result {
46 silly mapToRegistry   raw: 'pm2',
46 silly mapToRegistry   scope: null,
46 silly mapToRegistry   escapedName: 'pm2',
46 silly mapToRegistry   name: 'pm2',
46 silly mapToRegistry   rawSpec: '',
46 silly mapToRegistry   spec: 'latest',
46 silly mapToRegistry   type: 'tag' }
47 silly mapToRegistry uri https://registry.npmjs.org/pm2
48 verbose addNameTag registry:https://registry.npmjs.org/pm2 not in flight; fetching
49 verbose get https://registry.npmjs.org/pm2 not expired, no request
50 silly addNameTag next cb for pm2 with tag latest
51 silly addNamed pm2@2.0.15
52 verbose addNamed "2.0.15" is a plain semver version for pm2
53 silly mapToRegistry name pm2
54 silly mapToRegistry using default registry
55 silly mapToRegistry registry https://registry.npmjs.org/
56 silly mapToRegistry data Result {
56 silly mapToRegistry   raw: 'pm2',
56 silly mapToRegistry   scope: null,
56 silly mapToRegistry   escapedName: 'pm2',
56 silly mapToRegistry   name: 'pm2',
56 silly mapToRegistry   rawSpec: '',
56 silly mapToRegistry   spec: 'latest',
56 silly mapToRegistry   type: 'tag' }
57 silly mapToRegistry uri https://registry.npmjs.org/pm2
58 verbose addRemoteTarball https://registry.npmjs.org/pm2/-/pm2-2.0.15.tgz not in flight; adding
59 verbose addRemoteTarball [ 'https://registry.npmjs.org/pm2/-/pm2-2.0.15.tgz',
59 verbose addRemoteTarball   '5ea8d3bea22e27d02a0a4adaf903b192f6f4764c' ]
60 info retry fetch attempt 1 at 3:08:58 PM
61 info attempt registry request try #1 at 3:08:58 PM
62 http fetch GET https://registry.npmjs.org/pm2/-/pm2-2.0.15.tgz
63 http fetch 200 https://registry.npmjs.org/pm2/-/pm2-2.0.15.tgz
64 warn retry will retry, error on last attempt: Error: EBUSY: resource busy or locked, rename 'C:\Users\JEN\AppData\Local\Temp\npm-2872-3d97ceb4\registry.npmjs.org\pm2\-\pm2-2.0.15.tgz.780250931' -> 'C:\Users\JEN\AppData\Local\Temp\npm-2872-3d97ceb4\registry.npmjs.org\pm2\-\pm2-2.0.15.tgz'
65 verbose stack TypeError: tarball.destroy is not a function
65 verbose stack     at WriteStreamAtomic.<anonymous> (C:\Program Files\nodejs\node_modules\npm\lib\cache\add-remote-tarball.js:97:15)
65 verbose stack     at emitOne (events.js:101:20)
65 verbose stack     at WriteStreamAtomic.emit (events.js:188:7)
65 verbose stack     at WriteStreamAtomic.emit (C:\Program Files\nodejs\node_modules\npm\node_modules\fs-write-stream-atomic\index.js:60:34)
65 verbose stack     at C:\Program Files\nodejs\node_modules\npm\node_modules\fs-write-stream-atomic\index.js:89:19
65 verbose stack     at FSReqWrap.oncomplete (fs.js:123:15)
66 verbose cwd C:\xampp\htdocs\nms.im.v3\node_mapper
67 error Windows_NT 6.1.7601
68 error argv "C:\\Program Files\\nodejs\\node.exe" "C:\\Program Files\\nodejs\\node_modules\\npm\\bin\\npm-cli.js" "install" "pm2" "-g"
69 error node v6.6.0
70 error npm  v3.10.3
71 error tarball.destroy is not a function
72 error If you need help, you may report this error at:
72 error     <https://github.com/npm/npm/issues>
73 verbose exit [ 1, true ]
